{
"/Users/philkunz/github/pushrocks/beautylog/index.js":{"path":"/Users/philkunz/github/pushrocks/beautylog/index.js","s":{"1":1,"2":1,"3":1,"4":1,"5":1,"6":1,"7":1,"8":1,"9":1,"10":1,"11":1,"12":1,"13":2,"14":1,"15":1,"16":1,"17":2,"18":1,"19":2,"20":1,"21":1,"22":1,"23":1,"24":0,"25":2,"26":2,"27":1,"28":4,"29":1,"30":2,"31":2,"32":4,"33":1,"34":3,"35":2,"36":4,"37":2,"38":1,"39":1,"40":1,"41":1,"42":1,"43":1,"44":1,"45":1,"46":1,"47":1,"48":1,"49":1,"50":1,"51":1,"52":1,"53":1,"54":1,"55":1,"56":1,"57":1,"58":1,"59":1,"60":1,"61":1,"62":1,"63":1,"64":1,"65":14,"66":0,"67":14,"68":2,"69":14,"70":14,"71":2,"72":2,"73":2,"74":2,"75":2,"76":2,"77":2,"78":2,"79":2,"80":2,"81":2,"82":2,"83":2,"84":2,"85":0,"86":0,"87":0,"88":14,"89":14,"90":0,"91":0,"92":1,"93":1,"94":1,"95":1,"96":1,"97":1,"98":1,"99":1,"100":0,"101":0,"102":1,"103":1,"104":1,"105":1,"106":1,"107":1,"108":1,"109":1,"110":1,"111":2,"112":2,"113":1,"114":1,"115":1,"116":1,"117":1,"118":0,"119":0,"120":0,"121":0,"122":0,"123":0,"124":0,"125":0,"126":0,"127":0,"128":0,"129":0,"130":1,"131":1,"132":1,"133":1,"134":1,"135":1,"136":0,"137":0,"138":0,"139":0,"140":0,"141":0,"142":1},"b":{"1":[1,1],"2":[1,0],"3":[1,0],"4":[1,1],"5":[1,1,0],"6":[1,3],"7":[2,1],"8":[1,1],"9":[0,14],"10":[2,12],"11":[2,2,2,2,2,2,2,0,0],"12":[1,1],"13":[0,1],"14":[1,0],"15":[1,1],"16":[1,1],"17":[1,1],"18":[1,0,0]},"f":{"1":1,"2":1,"3":1,"4":1,"5":2,"6":4,"7":2,"8":1,"9":1,"10":1,"11":1,"12":1,"13":1,"14":1,"15":1,"16":1,"17":1,"18":14,"19":1,"20":1,"21":1,"22":1,"23":1,"24":2,"25":1,"26":0,"27":0,"28":0,"29":0,"30":0,"31":0,"32":1},"fnMap":{"1":{"name":"(anonymous_1)","line":5,"loc":{"start":{"line":5,"column":1},"end":{"line":5,"column":29}}},"2":{"name":"(anonymous_2)","line":6,"loc":{"start":{"line":6,"column":28},"end":{"line":6,"column":40}}},"3":{"name":"(anonymous_3)","line":15,"loc":{"start":{"line":15,"column":13},"end":{"line":15,"column":49}}},"4":{"name":"(anonymous_4)","line":25,"loc":{"start":{"line":25,"column":20},"end":{"line":25,"column":32}}},"5":{"name":"ConsoleTable","line":26,"loc":{"start":{"line":26,"column":4},"end":{"line":26,"column":59}}},"6":{"name":"(anonymous_6)","line":41,"loc":{"start":{"line":41,"column":34},"end":{"line":41,"column":49}}},"7":{"name":"(anonymous_7)","line":44,"loc":{"start":{"line":44,"column":35},"end":{"line":44,"column":47}}},"8":{"name":"(anonymous_8)","line":64,"loc":{"start":{"line":64,"column":1},"end":{"line":64,"column":26}}},"9":{"name":"init","line":65,"loc":{"start":{"line":65,"column":4},"end":{"line":65,"column":20}}},"10":{"name":"(anonymous_10)","line":77,"loc":{"start":{"line":77,"column":28},"end":{"line":77,"column":47}}},"11":{"name":"(anonymous_11)","line":85,"loc":{"start":{"line":85,"column":30},"end":{"line":85,"column":49}}},"12":{"name":"(anonymous_12)","line":93,"loc":{"start":{"line":93,"column":29},"end":{"line":93,"column":48}}},"13":{"name":"(anonymous_13)","line":101,"loc":{"start":{"line":101,"column":27},"end":{"line":101,"column":46}}},"14":{"name":"(anonymous_14)","line":109,"loc":{"start":{"line":109,"column":32},"end":{"line":109,"column":51}}},"15":{"name":"(anonymous_15)","line":117,"loc":{"start":{"line":117,"column":29},"end":{"line":117,"column":48}}},"16":{"name":"(anonymous_16)","line":127,"loc":{"start":{"line":127,"column":1},"end":{"line":127,"column":29}}},"17":{"name":"(anonymous_17)","line":128,"loc":{"start":{"line":128,"column":28},"end":{"line":128,"column":40}}},"18":{"name":"(anonymous_18)","line":144,"loc":{"start":{"line":144,"column":26},"end":{"line":144,"column":54}}},"19":{"name":"(anonymous_19)","line":189,"loc":{"start":{"line":189,"column":1},"end":{"line":189,"column":30}}},"20":{"name":"(anonymous_20)","line":190,"loc":{"start":{"line":190,"column":29},"end":{"line":190,"column":41}}},"21":{"name":"(anonymous_21)","line":191,"loc":{"start":{"line":191,"column":27},"end":{"line":191,"column":58}}},"22":{"name":"(anonymous_22)","line":211,"loc":{"start":{"line":211,"column":1},"end":{"line":211,"column":31}}},"23":{"name":"init","line":212,"loc":{"start":{"line":212,"column":4},"end":{"line":212,"column":20}}},"24":{"name":"(anonymous_24)","line":215,"loc":{"start":{"line":215,"column":31},"end":{"line":215,"column":69}}},"25":{"name":"(anonymous_25)","line":225,"loc":{"start":{"line":225,"column":1},"end":{"line":225,"column":29}}},"26":{"name":"init","line":226,"loc":{"start":{"line":226,"column":4},"end":{"line":226,"column":20}}},"27":{"name":"(anonymous_27)","line":228,"loc":{"start":{"line":228,"column":31},"end":{"line":228,"column":50}}},"28":{"name":"(anonymous_28)","line":231,"loc":{"start":{"line":231,"column":32},"end":{"line":231,"column":51}}},"29":{"name":"(anonymous_29)","line":234,"loc":{"start":{"line":234,"column":30},"end":{"line":234,"column":49}}},"30":{"name":"(anonymous_30)","line":237,"loc":{"start":{"line":237,"column":35},"end":{"line":237,"column":54}}},"31":{"name":"(anonymous_31)","line":240,"loc":{"start":{"line":240,"column":32},"end":{"line":240,"column":51}}},"32":{"name":"(anonymous_32)","line":256,"loc":{"start":{"line":256,"column":17},"end":{"line":256,"column":29}}}},"statementMap":{"1":{"start":{"line":4,"column":0},"end":{"line":4,"column":21}},"2":{"start":{"line":5,"column":0},"end":{"line":12,"column":48}},"3":{"start":{"line":6,"column":4},"end":{"line":11,"column":6}},"4":{"start":{"line":7,"column":8},"end":{"line":9,"column":10}},"5":{"start":{"line":10,"column":8},"end":{"line":10,"column":23}},"6":{"start":{"line":14,"column":0},"end":{"line":24,"column":2}},"7":{"start":{"line":16,"column":8},"end":{"line":16,"column":62}},"8":{"start":{"line":16,"column":41},"end":{"line":16,"column":60}},"9":{"start":{"line":17,"column":8},"end":{"line":17,"column":55}},"10":{"start":{"line":17,"column":35},"end":{"line":17,"column":53}},"11":{"start":{"line":18,"column":8},"end":{"line":18,"column":26}},"12":{"start":{"line":19,"column":8},"end":{"line":21,"column":9}},"13":{"start":{"line":20,"column":12},"end":{"line":20,"column":46}},"14":{"start":{"line":22,"column":8},"end":{"line":22,"column":24}},"15":{"start":{"line":25,"column":0},"end":{"line":61,"column":5}},"16":{"start":{"line":26,"column":4},"end":{"line":40,"column":5}},"17":{"start":{"line":27,"column":8},"end":{"line":27,"column":89}},"18":{"start":{"line":27,"column":44},"end":{"line":27,"column":87}},"19":{"start":{"line":28,"column":8},"end":{"line":37,"column":9}},"20":{"start":{"line":30,"column":16},"end":{"line":30,"column":70}},"21":{"start":{"line":31,"column":16},"end":{"line":31,"column":22}},"22":{"start":{"line":33,"column":16},"end":{"line":33,"column":51}},"23":{"start":{"line":34,"column":16},"end":{"line":34,"column":22}},"24":{"start":{"line":36,"column":16},"end":{"line":36,"column":22}},"25":{"start":{"line":38,"column":8},"end":{"line":38,"column":23}},"26":{"start":{"line":39,"column":8},"end":{"line":39,"column":33}},"27":{"start":{"line":41,"column":4},"end":{"line":43,"column":6}},"28":{"start":{"line":42,"column":8},"end":{"line":42,"column":28}},"29":{"start":{"line":44,"column":4},"end":{"line":59,"column":6}},"30":{"start":{"line":45,"column":8},"end":{"line":47,"column":11}},"31":{"start":{"line":48,"column":8},"end":{"line":56,"column":9}},"32":{"start":{"line":49,"column":12},"end":{"line":54,"column":13}},"33":{"start":{"line":50,"column":16},"end":{"line":50,"column":74}},"34":{"start":{"line":52,"column":17},"end":{"line":54,"column":13}},"35":{"start":{"line":53,"column":16},"end":{"line":53,"column":72}},"36":{"start":{"line":55,"column":12},"end":{"line":55,"column":39}},"37":{"start":{"line":58,"column":8},"end":{"line":58,"column":38}},"38":{"start":{"line":60,"column":4},"end":{"line":60,"column":24}},"39":{"start":{"line":63,"column":0},"end":{"line":63,"column":18}},"40":{"start":{"line":64,"column":0},"end":{"line":124,"column":42}},"41":{"start":{"line":65,"column":4},"end":{"line":122,"column":5}},"42":{"start":{"line":66,"column":8},"end":{"line":66,"column":43}},"43":{"start":{"line":67,"column":8},"end":{"line":67,"column":43}},"44":{"start":{"line":68,"column":8},"end":{"line":71,"column":10}},"45":{"start":{"line":77,"column":8},"end":{"line":79,"column":10}},"46":{"start":{"line":78,"column":12},"end":{"line":78,"column":53}},"47":{"start":{"line":85,"column":8},"end":{"line":87,"column":10}},"48":{"start":{"line":86,"column":12},"end":{"line":86,"column":55}},"49":{"start":{"line":93,"column":8},"end":{"line":95,"column":10}},"50":{"start":{"line":94,"column":12},"end":{"line":94,"column":54}},"51":{"start":{"line":101,"column":8},"end":{"line":103,"column":10}},"52":{"start":{"line":102,"column":12},"end":{"line":102,"column":52}},"53":{"start":{"line":109,"column":8},"end":{"line":111,"column":10}},"54":{"start":{"line":110,"column":12},"end":{"line":110,"column":57}},"55":{"start":{"line":117,"column":8},"end":{"line":119,"column":10}},"56":{"start":{"line":118,"column":12},"end":{"line":118,"column":54}},"57":{"start":{"line":120,"column":8},"end":{"line":120,"column":56}},"58":{"start":{"line":121,"column":8},"end":{"line":121,"column":29}},"59":{"start":{"line":123,"column":4},"end":{"line":123,"column":30}},"60":{"start":{"line":126,"column":0},"end":{"line":126,"column":21}},"61":{"start":{"line":127,"column":0},"end":{"line":186,"column":48}},"62":{"start":{"line":128,"column":4},"end":{"line":185,"column":6}},"63":{"start":{"line":129,"column":8},"end":{"line":137,"column":10}},"64":{"start":{"line":144,"column":8},"end":{"line":183,"column":10}},"65":{"start":{"line":145,"column":12},"end":{"line":145,"column":62}},"66":{"start":{"line":145,"column":38},"end":{"line":145,"column":60}},"67":{"start":{"line":146,"column":12},"end":{"line":146,"column":59}},"68":{"start":{"line":146,"column":38},"end":{"line":146,"column":57}},"69":{"start":{"line":147,"column":12},"end":{"line":182,"column":13}},"70":{"start":{"line":148,"column":16},"end":{"line":175,"column":17}},"71":{"start":{"line":150,"column":24},"end":{"line":150,"column":85}},"72":{"start":{"line":151,"column":24},"end":{"line":151,"column":30}},"73":{"start":{"line":153,"column":24},"end":{"line":153,"column":73}},"74":{"start":{"line":154,"column":24},"end":{"line":154,"column":30}},"75":{"start":{"line":156,"column":24},"end":{"line":156,"column":87}},"76":{"start":{"line":157,"column":24},"end":{"line":157,"column":30}},"77":{"start":{"line":159,"column":24},"end":{"line":159,"column":75}},"78":{"start":{"line":160,"column":24},"end":{"line":160,"column":30}},"79":{"start":{"line":162,"column":24},"end":{"line":162,"column":66}},"80":{"start":{"line":163,"column":24},"end":{"line":163,"column":30}},"81":{"start":{"line":165,"column":24},"end":{"line":165,"column":77}},"82":{"start":{"line":166,"column":24},"end":{"line":166,"column":30}},"83":{"start":{"line":168,"column":24},"end":{"line":168,"column":68}},"84":{"start":{"line":169,"column":24},"end":{"line":169,"column":30}},"85":{"start":{"line":172,"column":24},"end":{"line":172,"column":42}},"86":{"start":{"line":173,"column":24},"end":{"line":173,"column":88}},"87":{"start":{"line":174,"column":24},"end":{"line":174,"column":30}},"88":{"start":{"line":176,"column":16},"end":{"line":176,"column":37}},"89":{"start":{"line":177,"column":16},"end":{"line":177,"column":28}},"90":{"start":{"line":180,"column":16},"end":{"line":180,"column":119}},"91":{"start":{"line":181,"column":16},"end":{"line":181,"column":29}},"92":{"start":{"line":184,"column":8},"end":{"line":184,"column":27}},"93":{"start":{"line":188,"column":0},"end":{"line":188,"column":22}},"94":{"start":{"line":189,"column":0},"end":{"line":208,"column":50}},"95":{"start":{"line":190,"column":4},"end":{"line":207,"column":6}},"96":{"start":{"line":191,"column":8},"end":{"line":205,"column":10}},"97":{"start":{"line":192,"column":12},"end":{"line":192,"column":43}},"98":{"start":{"line":193,"column":12},"end":{"line":196,"column":14}},"99":{"start":{"line":197,"column":12},"end":{"line":200,"column":13}},"100":{"start":{"line":198,"column":16},"end":{"line":198,"column":84}},"101":{"start":{"line":199,"column":16},"end":{"line":199,"column":23}},"102":{"start":{"line":202,"column":12},"end":{"line":204,"column":13}},"103":{"start":{"line":203,"column":16},"end":{"line":203,"column":87}},"104":{"start":{"line":206,"column":8},"end":{"line":206,"column":28}},"105":{"start":{"line":210,"column":0},"end":{"line":210,"column":23}},"106":{"start":{"line":211,"column":0},"end":{"line":222,"column":52}},"107":{"start":{"line":212,"column":4},"end":{"line":220,"column":5}},"108":{"start":{"line":213,"column":8},"end":{"line":213,"column":60}},"109":{"start":{"line":214,"column":8},"end":{"line":214,"column":34}},"110":{"start":{"line":215,"column":8},"end":{"line":218,"column":10}},"111":{"start":{"line":216,"column":12},"end":{"line":216,"column":79}},"112":{"start":{"line":217,"column":12},"end":{"line":217,"column":35}},"113":{"start":{"line":219,"column":8},"end":{"line":219,"column":32}},"114":{"start":{"line":221,"column":4},"end":{"line":221,"column":35}},"115":{"start":{"line":224,"column":0},"end":{"line":224,"column":21}},"116":{"start":{"line":225,"column":0},"end":{"line":246,"column":48}},"117":{"start":{"line":226,"column":4},"end":{"line":244,"column":5}},"118":{"start":{"line":227,"column":8},"end":{"line":227,"column":34}},"119":{"start":{"line":228,"column":8},"end":{"line":230,"column":10}},"120":{"start":{"line":229,"column":12},"end":{"line":229,"column":103}},"121":{"start":{"line":231,"column":8},"end":{"line":233,"column":10}},"122":{"start":{"line":232,"column":12},"end":{"line":232,"column":105}},"123":{"start":{"line":234,"column":8},"end":{"line":236,"column":10}},"124":{"start":{"line":235,"column":12},"end":{"line":235,"column":103}},"125":{"start":{"line":237,"column":8},"end":{"line":239,"column":10}},"126":{"start":{"line":238,"column":12},"end":{"line":238,"column":108}},"127":{"start":{"line":240,"column":8},"end":{"line":242,"column":10}},"128":{"start":{"line":241,"column":12},"end":{"line":241,"column":105}},"129":{"start":{"line":243,"column":8},"end":{"line":243,"column":32}},"130":{"start":{"line":245,"column":4},"end":{"line":245,"column":33}},"131":{"start":{"line":255,"column":0},"end":{"line":255,"column":38}},"132":{"start":{"line":256,"column":0},"end":{"line":270,"column":5}},"133":{"start":{"line":257,"column":4},"end":{"line":269,"column":5}},"134":{"start":{"line":259,"column":12},"end":{"line":259,"column":51}},"135":{"start":{"line":260,"column":12},"end":{"line":260,"column":31}},"136":{"start":{"line":261,"column":12},"end":{"line":261,"column":18}},"137":{"start":{"line":263,"column":12},"end":{"line":263,"column":59}},"138":{"start":{"line":264,"column":12},"end":{"line":264,"column":36}},"139":{"start":{"line":265,"column":12},"end":{"line":265,"column":18}},"140":{"start":{"line":267,"column":12},"end":{"line":267,"column":101}},"141":{"start":{"line":268,"column":12},"end":{"line":268,"column":18}},"142":{"start":{"line":271,"column":0},"end":{"line":271,"column":27}}},"branchMap":{"1":{"line":12,"type":"binary-expr","locations":[{"start":{"line":12,"column":3},"end":{"line":12,"column":19}},{"start":{"line":12,"column":24},"end":{"line":12,"column":45}}]},"2":{"line":16,"type":"if","locations":[{"start":{"line":16,"column":8},"end":{"line":16,"column":8}},{"start":{"line":16,"column":8},"end":{"line":16,"column":8}}]},"3":{"line":17,"type":"if","locations":[{"start":{"line":17,"column":8},"end":{"line":17,"column":8}},{"start":{"line":17,"column":8},"end":{"line":17,"column":8}}]},"4":{"line":27,"type":"if","locations":[{"start":{"line":27,"column":8},"end":{"line":27,"column":8}},{"start":{"line":27,"column":8},"end":{"line":27,"column":8}}]},"5":{"line":28,"type":"switch","locations":[{"start":{"line":29,"column":12},"end":{"line":31,"column":22}},{"start":{"line":32,"column":12},"end":{"line":34,"column":22}},{"start":{"line":35,"column":12},"end":{"line":36,"column":22}}]},"6":{"line":49,"type":"if","locations":[{"start":{"line":49,"column":12},"end":{"line":49,"column":12}},{"start":{"line":49,"column":12},"end":{"line":49,"column":12}}]},"7":{"line":52,"type":"if","locations":[{"start":{"line":52,"column":17},"end":{"line":52,"column":17}},{"start":{"line":52,"column":17},"end":{"line":52,"column":17}}]},"8":{"line":124,"type":"binary-expr","locations":[{"start":{"line":124,"column":3},"end":{"line":124,"column":16}},{"start":{"line":124,"column":21},"end":{"line":124,"column":39}}]},"9":{"line":145,"type":"if","locations":[{"start":{"line":145,"column":12},"end":{"line":145,"column":12}},{"start":{"line":145,"column":12},"end":{"line":145,"column":12}}]},"10":{"line":146,"type":"if","locations":[{"start":{"line":146,"column":12},"end":{"line":146,"column":12}},{"start":{"line":146,"column":12},"end":{"line":146,"column":12}}]},"11":{"line":148,"type":"switch","locations":[{"start":{"line":149,"column":20},"end":{"line":151,"column":30}},{"start":{"line":152,"column":20},"end":{"line":154,"column":30}},{"start":{"line":155,"column":20},"end":{"line":157,"column":30}},{"start":{"line":158,"column":20},"end":{"line":160,"column":30}},{"start":{"line":161,"column":20},"end":{"line":163,"column":30}},{"start":{"line":164,"column":20},"end":{"line":166,"column":30}},{"start":{"line":167,"column":20},"end":{"line":169,"column":30}},{"start":{"line":170,"column":20},"end":{"line":170,"column":31}},{"start":{"line":171,"column":20},"end":{"line":174,"column":30}}]},"12":{"line":186,"type":"binary-expr","locations":[{"start":{"line":186,"column":3},"end":{"line":186,"column":19}},{"start":{"line":186,"column":24},"end":{"line":186,"column":45}}]},"13":{"line":197,"type":"if","locations":[{"start":{"line":197,"column":12},"end":{"line":197,"column":12}},{"start":{"line":197,"column":12},"end":{"line":197,"column":12}}]},"14":{"line":202,"type":"if","locations":[{"start":{"line":202,"column":12},"end":{"line":202,"column":12}},{"start":{"line":202,"column":12},"end":{"line":202,"column":12}}]},"15":{"line":208,"type":"binary-expr","locations":[{"start":{"line":208,"column":3},"end":{"line":208,"column":20}},{"start":{"line":208,"column":25},"end":{"line":208,"column":47}}]},"16":{"line":222,"type":"binary-expr","locations":[{"start":{"line":222,"column":3},"end":{"line":222,"column":21}},{"start":{"line":222,"column":26},"end":{"line":222,"column":49}}]},"17":{"line":246,"type":"binary-expr","locations":[{"start":{"line":246,"column":3},"end":{"line":246,"column":19}},{"start":{"line":246,"column":24},"end":{"line":246,"column":45}}]},"18":{"line":257,"type":"switch","locations":[{"start":{"line":258,"column":8},"end":{"line":261,"column":18}},{"start":{"line":262,"column":8},"end":{"line":265,"column":18}},{"start":{"line":266,"column":8},"end":{"line":268,"column":18}}]}},"l":{"4":1,"5":1,"6":1,"7":1,"10":1,"14":1,"16":1,"17":1,"18":1,"19":1,"20":2,"22":1,"25":1,"26":1,"27":2,"28":2,"30":1,"31":1,"33":1,"34":1,"36":0,"38":2,"39":2,"41":1,"42":4,"44":1,"45":2,"48":2,"49":4,"50":1,"52":3,"53":2,"55":4,"58":2,"60":1,"63":1,"64":1,"65":1,"66":1,"67":1,"68":1,"77":1,"78":1,"85":1,"86":1,"93":1,"94":1,"101":1,"102":1,"109":1,"110":1,"117":1,"118":1,"120":1,"121":1,"123":1,"126":1,"127":1,"128":1,"129":1,"144":1,"145":14,"146":14,"147":14,"148":14,"150":2,"151":2,"153":2,"154":2,"156":2,"157":2,"159":2,"160":2,"162":2,"163":2,"165":2,"166":2,"168":2,"169":2,"172":0,"173":0,"174":0,"176":14,"177":14,"180":0,"181":0,"184":1,"188":1,"189":1,"190":1,"191":1,"192":1,"193":1,"197":1,"198":0,"199":0,"202":1,"203":1,"206":1,"210":1,"211":1,"212":1,"213":1,"214":1,"215":1,"216":2,"217":2,"219":1,"221":1,"224":1,"225":1,"226":1,"227":0,"228":0,"229":0,"231":0,"232":0,"234":0,"235":0,"237":0,"238":0,"240":0,"241":0,"243":0,"245":1,"255":1,"256":1,"257":1,"259":1,"260":1,"261":0,"263":0,"264":0,"265":0,"267":0,"268":0,"271":1}}}
