TN:
SF:/Users/philkunz/github/pushrocks/beautylog/index.js
FN:5,(anonymous_1)
FN:6,(anonymous_2)
FN:15,(anonymous_3)
FN:25,(anonymous_4)
FN:26,ConsoleTable
FN:41,(anonymous_6)
FN:44,(anonymous_7)
FN:64,(anonymous_8)
FN:65,init
FN:77,(anonymous_10)
FN:85,(anonymous_11)
FN:93,(anonymous_12)
FN:101,(anonymous_13)
FN:109,(anonymous_14)
FN:117,(anonymous_15)
FN:127,(anonymous_16)
FN:128,(anonymous_17)
FN:144,(anonymous_18)
FN:189,(anonymous_19)
FN:190,(anonymous_20)
FN:191,(anonymous_21)
FN:211,(anonymous_22)
FN:212,init
FN:215,(anonymous_24)
FN:225,(anonymous_25)
FN:226,init
FN:228,(anonymous_27)
FN:231,(anonymous_28)
FN:234,(anonymous_29)
FN:237,(anonymous_30)
FN:240,(anonymous_31)
FN:256,(anonymous_32)
FNF:32
FNH:26
FNDA:1,(anonymous_1)
FNDA:1,(anonymous_2)
FNDA:1,(anonymous_3)
FNDA:1,(anonymous_4)
FNDA:2,ConsoleTable
FNDA:4,(anonymous_6)
FNDA:2,(anonymous_7)
FNDA:1,(anonymous_8)
FNDA:1,init
FNDA:1,(anonymous_10)
FNDA:1,(anonymous_11)
FNDA:1,(anonymous_12)
FNDA:1,(anonymous_13)
FNDA:1,(anonymous_14)
FNDA:1,(anonymous_15)
FNDA:1,(anonymous_16)
FNDA:1,(anonymous_17)
FNDA:14,(anonymous_18)
FNDA:1,(anonymous_19)
FNDA:1,(anonymous_20)
FNDA:1,(anonymous_21)
FNDA:1,(anonymous_22)
FNDA:1,init
FNDA:2,(anonymous_24)
FNDA:1,(anonymous_25)
FNDA:0,init
FNDA:0,(anonymous_27)
FNDA:0,(anonymous_28)
FNDA:0,(anonymous_29)
FNDA:0,(anonymous_30)
FNDA:0,(anonymous_31)
FNDA:1,(anonymous_32)
DA:4,1
DA:5,1
DA:6,1
DA:7,1
DA:10,1
DA:14,1
DA:16,1
DA:17,1
DA:18,1
DA:19,1
DA:20,2
DA:22,1
DA:25,1
DA:26,1
DA:27,2
DA:28,2
DA:30,1
DA:31,1
DA:33,1
DA:34,1
DA:36,0
DA:38,2
DA:39,2
DA:41,1
DA:42,4
DA:44,1
DA:45,2
DA:48,2
DA:49,4
DA:50,1
DA:52,3
DA:53,2
DA:55,4
DA:58,2
DA:60,1
DA:63,1
DA:64,1
DA:65,1
DA:66,1
DA:67,1
DA:68,1
DA:77,1
DA:78,1
DA:85,1
DA:86,1
DA:93,1
DA:94,1
DA:101,1
DA:102,1
DA:109,1
DA:110,1
DA:117,1
DA:118,1
DA:120,1
DA:121,1
DA:123,1
DA:126,1
DA:127,1
DA:128,1
DA:129,1
DA:144,1
DA:145,14
DA:146,14
DA:147,14
DA:148,14
DA:150,2
DA:151,2
DA:153,2
DA:154,2
DA:156,2
DA:157,2
DA:159,2
DA:160,2
DA:162,2
DA:163,2
DA:165,2
DA:166,2
DA:168,2
DA:169,2
DA:172,0
DA:173,0
DA:174,0
DA:176,14
DA:177,14
DA:180,0
DA:181,0
DA:184,1
DA:188,1
DA:189,1
DA:190,1
DA:191,1
DA:192,1
DA:193,1
DA:197,1
DA:198,0
DA:199,0
DA:202,1
DA:203,1
DA:206,1
DA:210,1
DA:211,1
DA:212,1
DA:213,1
DA:214,1
DA:215,1
DA:216,2
DA:217,2
DA:219,1
DA:221,1
DA:224,1
DA:225,1
DA:226,1
DA:227,0
DA:228,0
DA:229,0
DA:231,0
DA:232,0
DA:234,0
DA:235,0
DA:237,0
DA:238,0
DA:240,0
DA:241,0
DA:243,0
DA:245,1
DA:255,1
DA:256,1
DA:257,1
DA:259,1
DA:260,1
DA:261,0
DA:263,0
DA:264,0
DA:265,0
DA:267,0
DA:268,0
DA:271,1
LF:137
LH:111
BRDA:12,1,0,1
BRDA:12,1,1,1
BRDA:16,2,0,1
BRDA:16,2,1,0
BRDA:17,3,0,1
BRDA:17,3,1,0
BRDA:27,4,0,1
BRDA:27,4,1,1
BRDA:28,5,0,1
BRDA:28,5,1,1
BRDA:28,5,2,0
BRDA:49,6,0,1
BRDA:49,6,1,3
BRDA:52,7,0,2
BRDA:52,7,1,1
BRDA:124,8,0,1
BRDA:124,8,1,1
BRDA:145,9,0,0
BRDA:145,9,1,14
BRDA:146,10,0,2
BRDA:146,10,1,12
BRDA:148,11,0,2
BRDA:148,11,1,2
BRDA:148,11,2,2
BRDA:148,11,3,2
BRDA:148,11,4,2
BRDA:148,11,5,2
BRDA:148,11,6,2
BRDA:148,11,7,0
BRDA:148,11,8,0
BRDA:186,12,0,1
BRDA:186,12,1,1
BRDA:197,13,0,0
BRDA:197,13,1,1
BRDA:202,14,0,1
BRDA:202,14,1,0
BRDA:208,15,0,1
BRDA:208,15,1,1
BRDA:222,16,0,1
BRDA:222,16,1,1
BRDA:246,17,0,1
BRDA:246,17,1,1
BRDA:257,18,0,1
BRDA:257,18,1,0
BRDA:257,18,2,0
BRF:45
BRH:35
end_of_record
